;  LST file generated by mikroListExporter - v.2.0 
; Date/Time: 15/10/2021 1:43:21 PM
;----------------------------------------------

;Address Opcode 	ASM
0x0000	0xF000EF8E  	GOTO        284
_interrupt:
;InterruptEgUART.c,20 :: 		void interrupt()
0x0008	0xF019C000  	MOVFF       R0, 25
0x000C	0xF018C001  	MOVFF       R1, 24
0x0010	0xF017C00B  	MOVFF       R11, 23
0x0014	0xF016C00C  	MOVFF       R12, 22
0x0018	0xF015C00D  	MOVFF       R13, 21
;InterruptEgUART.c,22 :: 		if( RC1IF_bit==1)
0x001C	0xAA9E      	BTFSS       RC1IF_bit, BitPos(RC1IF_bit+0) 
0x001E	0xD016      	BRA         L_interrupt4
;InterruptEgUART.c,24 :: 		receiveIncomingData =UART1_Read();
0x0020	0xD841      	RCALL       _UART1_Read
0x0022	0xF060C000  	MOVFF       R0, _receiveIncomingData
;InterruptEgUART.c,25 :: 		if(receiveIncomingData== '1')
0x0026	0x5000      	MOVF        R0, 0 
0x0028	0x0A31      	XORLW       49
0x002A	0xE10F      	BNZ         L_interrupt5
;InterruptEgUART.c,27 :: 		LATB.F7=1;
0x002C	0x8E8A      	BSF         LATB, 7 
;InterruptEgUART.c,28 :: 		delay_ms(1000);
0x002E	0x0E1A      	MOVLW       26
0x0030	0x6E0B      	MOVWF       R11, 0
0x0032	0x0E5E      	MOVLW       94
0x0034	0x6E0C      	MOVWF       R12, 0
0x0036	0x0E6E      	MOVLW       110
0x0038	0x6E0D      	MOVWF       R13, 0
L_interrupt6:
0x003A	0x2E0D      	DECFSZ      R13, 1, 0
0x003C	0xD7FE      	BRA         L_interrupt6
0x003E	0x2E0C      	DECFSZ      R12, 1, 0
0x0040	0xD7FC      	BRA         L_interrupt6
0x0042	0x2E0B      	DECFSZ      R11, 1, 0
0x0044	0xD7FA      	BRA         L_interrupt6
0x0046	0x0000      	NOP
;InterruptEgUART.c,29 :: 		}
0x0048	0xD001      	BRA         L_interrupt7
L_interrupt5:
;InterruptEgUART.c,32 :: 		LATB.F7=0;
0x004A	0x9E8A      	BCF         LATB, 7 
;InterruptEgUART.c,34 :: 		}
L_interrupt7:
;InterruptEgUART.c,36 :: 		}
L_interrupt4:
;InterruptEgUART.c,37 :: 		}
L_end_interrupt:
L__interrupt10:
0x004C	0xF000C019  	MOVFF       25, R0
0x0050	0xF001C018  	MOVFF       24, R1
0x0054	0xF00BC017  	MOVFF       23, R11
0x0058	0xF00CC016  	MOVFF       22, R12
0x005C	0xF00DC015  	MOVFF       21, R13
0x0060	0x0011      	RETFIE      1
; end of _interrupt
_UART1_Write:
;__Lib_UART_c67d67.c,63 :: 		
;__Lib_UART_c67d67.c,64 :: 		
L_UART1_Write3:
0x0062	0xB2AC      	BTFSC       TXSTA, 1 
0x0064	0xD002      	BRA         L_UART1_Write4
;__Lib_UART_c67d67.c,65 :: 		
0x0066	0x0000      	NOP
0x0068	0xD7FC      	BRA         L_UART1_Write3
L_UART1_Write4:
;__Lib_UART_c67d67.c,66 :: 		
0x006A	0xFFADC065  	MOVFF       FARG_UART1_Write_data_, TXREG
;__Lib_UART_c67d67.c,67 :: 		
L_end_UART1_Write:
0x006E	0x0012      	RETURN      0
; end of _UART1_Write
_UART1_Write_Text:
;__Lib_UART_c67d67.c,71 :: 		
;__Lib_UART_c67d67.c,72 :: 		
0x0070	0x0100      	MOVLB       0
0x0072	0x6B64      	CLRF        UART1_Write_Text_counter_L0, 1
;__Lib_UART_c67d67.c,74 :: 		
0x0074	0xFFE9C061  	MOVFF       FARG_UART1_Write_Text_uart_text, FSR0L
0x0078	0xFFEAC062  	MOVFF       FARG_UART1_Write_Text_uart_text+1, FSR0H
0x007C	0xF063CFEE  	MOVFF       POSTINC0, UART1_Write_Text_data__L0
;__Lib_UART_c67d67.c,75 :: 		
L_UART1_Write_Text5:
0x0080	0x5163      	MOVF        UART1_Write_Text_data__L0, 0, 1
0x0082	0x0A00      	XORLW       0
0x0084	0xE00E      	BZ          L_UART1_Write_Text6
;__Lib_UART_c67d67.c,76 :: 		
0x0086	0xF065C063  	MOVFF       UART1_Write_Text_data__L0, FARG_UART1_Write_data_
0x008A	0xDFEB      	RCALL       _UART1_Write
;__Lib_UART_c67d67.c,77 :: 		
0x008C	0x0100      	MOVLB       0
0x008E	0x2B64      	INCF        UART1_Write_Text_counter_L0, 1, 1
;__Lib_UART_c67d67.c,78 :: 		
0x0090	0x5164      	MOVF        UART1_Write_Text_counter_L0, 0, 1
0x0092	0x2561      	ADDWF       FARG_UART1_Write_Text_uart_text, 0, 1
0x0094	0x6EE9      	MOVWF       FSR0L 
0x0096	0x0E00      	MOVLW       0
0x0098	0x2162      	ADDWFC      FARG_UART1_Write_Text_uart_text+1, 0, 1
0x009A	0x6EEA      	MOVWF       FSR0H 
0x009C	0xF063CFEE  	MOVFF       POSTINC0, UART1_Write_Text_data__L0
;__Lib_UART_c67d67.c,79 :: 		
0x00A0	0xD7EF      	BRA         L_UART1_Write_Text5
L_UART1_Write_Text6:
;__Lib_UART_c67d67.c,80 :: 		
L_end_UART1_Write_Text:
0x00A2	0x0012      	RETURN      0
; end of _UART1_Write_Text
_UART1_Read:
;__Lib_UART_c67d67.c,44 :: 		
;__Lib_UART_c67d67.c,47 :: 		
0x00A4	0xF001CFAE  	MOVFF       RCREG, R1
;__Lib_UART_c67d67.c,48 :: 		
0x00A8	0xA2AB      	BTFSS       RCSTA, 1 
0x00AA	0xD002      	BRA         L_UART1_Read2
;__Lib_UART_c67d67.c,49 :: 		
0x00AC	0x98AB      	BCF         RCSTA, 4 
;__Lib_UART_c67d67.c,50 :: 		
0x00AE	0x88AB      	BSF         RCSTA, 4 
;__Lib_UART_c67d67.c,51 :: 		
L_UART1_Read2:
;__Lib_UART_c67d67.c,52 :: 		
0x00B0	0xF000C001  	MOVFF       R1, R0
;__Lib_UART_c67d67.c,53 :: 		
L_end_UART1_Read:
0x00B4	0x0012      	RETURN      0
; end of _UART1_Read
___CC2DW:
;__Lib_System.c,21 :: 		
;__Lib_System.c,23 :: 		
_CC2DL_Loop1:
;__Lib_System.c,24 :: 		
0x00B6	0x0009      	TBLRD*+
;__Lib_System.c,25 :: 		
0x00B8	0xFFE6CFF5  	MOVFF       TABLAT, POSTINC1
;__Lib_System.c,26 :: 		
0x00BC	0x0600      	DECF        R0, 1, 0
;__Lib_System.c,27 :: 		
0x00BE	0xE1FB      	BNZ         _CC2DL_Loop1
;__Lib_System.c,28 :: 		
0x00C0	0x0601      	DECF        R1, 1, 0
;__Lib_System.c,29 :: 		
0x00C2	0xE1F9      	BNZ         _CC2DL_Loop1
;__Lib_System.c,31 :: 		
L_end___CC2DW:
0x00C4	0x0012      	RETURN      0
; end of ___CC2DW
_UART1_Init:
;__Lib_UART_c67d67.c,20 :: 		
;__Lib_UART_c67d67.c,23 :: 		
0x00C6	0x0E62      	MOVLW       _UART1_Write
0x00C8	0x6E54      	MOVWF       _UART_Wr_Ptr 
0x00CA	0x0E00      	MOVLW       hi_addr(_UART1_Write)
0x00CC	0x6E55      	MOVWF       _UART_Wr_Ptr+1 
0x00CE	0x0E65      	MOVLW       FARG_UART1_Write_data_
0x00D0	0x6E56      	MOVWF       _UART_Wr_Ptr+2 
0x00D2	0x0E00      	MOVLW       hi_addr(FARG_UART1_Write_data_)
0x00D4	0x6E57      	MOVWF       _UART_Wr_Ptr+3 
;__Lib_UART_c67d67.c,24 :: 		
0x00D6	0x0EA4      	MOVLW       _UART1_Read
0x00D8	0x6E5C      	MOVWF       _UART_Rd_Ptr 
0x00DA	0x0E00      	MOVLW       hi_addr(_UART1_Read)
0x00DC	0x6E5D      	MOVWF       _UART_Rd_Ptr+1 
0x00DE	0x0E00      	MOVLW       0
0x00E0	0x6E5E      	MOVWF       _UART_Rd_Ptr+2 
0x00E2	0x0E00      	MOVLW       0
0x00E4	0x6E5F      	MOVWF       _UART_Rd_Ptr+3 
;__Lib_UART_c67d67.c,25 :: 		
0x00E6	0x0EFF      	MOVLW       _UART1_Data_Ready
0x00E8	0x6E50      	MOVWF       _UART_Rdy_Ptr 
0x00EA	0x0EFF      	MOVLW       hi_addr(_UART1_Data_Ready)
0x00EC	0x6E51      	MOVWF       _UART_Rdy_Ptr+1 
0x00EE	0x0E00      	MOVLW       0
0x00F0	0x6E52      	MOVWF       _UART_Rdy_Ptr+2 
0x00F2	0x0E00      	MOVLW       0
0x00F4	0x6E53      	MOVWF       _UART_Rdy_Ptr+3 
;__Lib_UART_c67d67.c,26 :: 		
0x00F6	0x0EFF      	MOVLW       _UART1_Tx_Idle
0x00F8	0x6E58      	MOVWF       _UART_Tx_Idle_Ptr 
0x00FA	0x0EFF      	MOVLW       hi_addr(_UART1_Tx_Idle)
0x00FC	0x6E59      	MOVWF       _UART_Tx_Idle_Ptr+1 
0x00FE	0x0E00      	MOVLW       0
0x0100	0x6E5A      	MOVWF       _UART_Tx_Idle_Ptr+2 
0x0102	0x0E00      	MOVLW       0
0x0104	0x6E5B      	MOVWF       _UART_Tx_Idle_Ptr+3 
;__Lib_UART_c67d67.c,28 :: 		
0x0106	0x8AAC      	BSF         TXSTA, 5 
;__Lib_UART_c67d67.c,29 :: 		
0x0108	0x0E90      	MOVLW       144
0x010A	0x6EAB      	MOVWF       RCSTA 
;__Lib_UART_c67d67.c,30 :: 		
0x010C	0x8E94      	BSF         TRISC7_bit, BitPos(TRISC7_bit+0) 
;__Lib_UART_c67d67.c,31 :: 		
0x010E	0x9C94      	BCF         TRISC6_bit, BitPos(TRISC6_bit+0) 
;__Lib_UART_c67d67.c,33 :: 		
L_UART1_Init0:
0x0110	0xAA9E      	BTFSS       PIR1, 5 
0x0112	0xD003      	BRA         L_UART1_Init1
;__Lib_UART_c67d67.c,34 :: 		
0x0114	0xF000CFAE  	MOVFF       RCREG, R0
0x0118	0xD7FB      	BRA         L_UART1_Init0
L_UART1_Init1:
;__Lib_UART_c67d67.c,35 :: 		
L_end_UART1_Init:
0x011A	0x0012      	RETURN      0
; end of _UART1_Init
_main:
0x011C	0xF000ECE1  	CALL        450, 0
;InterruptEgUART.c,2 :: 		void main() {
;InterruptEgUART.c,3 :: 		TRISB=0x00;
0x0120	0x6A93      	CLRF        TRISB 
;InterruptEgUART.c,4 :: 		UART1_Init(9600);
0x0122	0x86B8      	BSF         BAUDCON, 3, 0
0x0124	0x0E02      	MOVLW       2
0x0126	0x6EB0      	MOVWF       SPBRGH 
0x0128	0x0E08      	MOVLW       8
0x012A	0x6EAF      	MOVWF       SPBRG 
0x012C	0x84AC      	BSF         TXSTA, 2, 0
0x012E	0xDFCB      	RCALL       _UART1_Init
;InterruptEgUART.c,5 :: 		delay_ms(100);
0x0130	0x0E03      	MOVLW       3
0x0132	0x6E0B      	MOVWF       R11, 0
0x0134	0x0E8A      	MOVLW       138
0x0136	0x6E0C      	MOVWF       R12, 0
0x0138	0x0E55      	MOVLW       85
0x013A	0x6E0D      	MOVWF       R13, 0
L_main0:
0x013C	0x2E0D      	DECFSZ      R13, 1, 0
0x013E	0xD7FE      	BRA         L_main0
0x0140	0x2E0C      	DECFSZ      R12, 1, 0
0x0142	0xD7FC      	BRA         L_main0
0x0144	0x2E0B      	DECFSZ      R11, 1, 0
0x0146	0xD7FA      	BRA         L_main0
0x0148	0x0000      	NOP
0x014A	0x0000      	NOP
;InterruptEgUART.c,7 :: 		UART1_Write_Text("welcome to this course");
0x014C	0x0E1A      	MOVLW       ?lstr1_InterruptEgUART
0x014E	0x0100      	MOVLB       0
0x0150	0x6F61      	MOVWF       FARG_UART1_Write_Text_uart_text, 1
0x0152	0x0E00      	MOVLW       hi_addr(?lstr1_InterruptEgUART)
0x0154	0x6F62      	MOVWF       FARG_UART1_Write_Text_uart_text+1, 1
0x0156	0xDF8C      	RCALL       _UART1_Write_Text
;InterruptEgUART.c,8 :: 		delay_ms(300);
0x0158	0x0E08      	MOVLW       8
0x015A	0x6E0B      	MOVWF       R11, 0
0x015C	0x0E9D      	MOVLW       157
0x015E	0x6E0C      	MOVWF       R12, 0
0x0160	0x0E05      	MOVLW       5
0x0162	0x6E0D      	MOVWF       R13, 0
L_main1:
0x0164	0x2E0D      	DECFSZ      R13, 1, 0
0x0166	0xD7FE      	BRA         L_main1
0x0168	0x2E0C      	DECFSZ      R12, 1, 0
0x016A	0xD7FC      	BRA         L_main1
0x016C	0x2E0B      	DECFSZ      R11, 1, 0
0x016E	0xD7FA      	BRA         L_main1
0x0170	0x0000      	NOP
0x0172	0x0000      	NOP
;InterruptEgUART.c,9 :: 		UART1_Write_Text(" Press 1 to Turn on LED on RB7");
0x0174	0x0E31      	MOVLW       ?lstr2_InterruptEgUART
0x0176	0x6F61      	MOVWF       FARG_UART1_Write_Text_uart_text, 1
0x0178	0x0E00      	MOVLW       hi_addr(?lstr2_InterruptEgUART)
0x017A	0x6F62      	MOVWF       FARG_UART1_Write_Text_uart_text+1, 1
0x017C	0xDF79      	RCALL       _UART1_Write_Text
;InterruptEgUART.c,11 :: 		GIE_bit=1;
0x017E	0x8EF2      	BSF         GIE_bit, BitPos(GIE_bit+0) 
;InterruptEgUART.c,12 :: 		PEIE_bit=1;
0x0180	0x8CF2      	BSF         PEIE_bit, BitPos(PEIE_bit+0) 
;InterruptEgUART.c,13 :: 		RC1IE_bit=1;
0x0182	0x8A9D      	BSF         RC1IE_bit, BitPos(RC1IE_bit+0) 
;InterruptEgUART.c,14 :: 		RC1IF_bit=1;
0x0184	0x8A9E      	BSF         RC1IF_bit, BitPos(RC1IF_bit+0) 
;InterruptEgUART.c,15 :: 		while(1)
L_main2:
;InterruptEgUART.c,17 :: 		LATB.F7=0;
0x0186	0x9E8A      	BCF         LATB, 7 
;InterruptEgUART.c,18 :: 		}
0x0188	0xD7FE      	BRA         L_main2
;InterruptEgUART.c,19 :: 		}
L_end_main:
0x018A	0xD7FF      	BRA         $+0
; end of _main
0x01C2	0xF01AEE10  	LFSR        1, 26
0x01C6	0x0E36      	MOVLW       54
0x01C8	0x6E00      	MOVWF       R0 
0x01CA	0x0E01      	MOVLW       1
0x01CC	0x6E01      	MOVWF       R1 
0x01CE	0x0E8C      	MOVLW       140
0x01D0	0x6EF6      	MOVWF       4086 
0x01D2	0x0E01      	MOVLW       1
0x01D4	0x6EF7      	MOVWF       TBLPTRH 
0x01D6	0x0E00      	MOVLW       0
0x01D8	0x6EF8      	MOVWF       TBLPTRU 
0x01DA	0xF000EC5B  	CALL        182, 0
0x01DE	0x0012      	RETURN      0
;InterruptEgUART.c,0 :: ?ICS?lstr1_InterruptEgUART
0x018C	0x6577 ;?ICS?lstr1_InterruptEgUART+0
0x018E	0x636C ;?ICS?lstr1_InterruptEgUART+2
0x0190	0x6D6F ;?ICS?lstr1_InterruptEgUART+4
0x0192	0x2065 ;?ICS?lstr1_InterruptEgUART+6
0x0194	0x6F74 ;?ICS?lstr1_InterruptEgUART+8
0x0196	0x7420 ;?ICS?lstr1_InterruptEgUART+10
0x0198	0x6968 ;?ICS?lstr1_InterruptEgUART+12
0x019A	0x2073 ;?ICS?lstr1_InterruptEgUART+14
0x019C	0x6F63 ;?ICS?lstr1_InterruptEgUART+16
0x019E	0x7275 ;?ICS?lstr1_InterruptEgUART+18
0x01A0	0x6573 ;?ICS?lstr1_InterruptEgUART+20
0x01A2	0x00 ;?ICS?lstr1_InterruptEgUART+22
; end of ?ICS?lstr1_InterruptEgUART
;InterruptEgUART.c,0 :: ?ICS?lstr2_InterruptEgUART
0x01A3	0x5020 ;?ICS?lstr2_InterruptEgUART+0
0x01A5	0x6572 ;?ICS?lstr2_InterruptEgUART+2
0x01A7	0x7373 ;?ICS?lstr2_InterruptEgUART+4
0x01A9	0x3120 ;?ICS?lstr2_InterruptEgUART+6
0x01AB	0x7420 ;?ICS?lstr2_InterruptEgUART+8
0x01AD	0x206F ;?ICS?lstr2_InterruptEgUART+10
0x01AF	0x7554 ;?ICS?lstr2_InterruptEgUART+12
0x01B1	0x6E72 ;?ICS?lstr2_InterruptEgUART+14
0x01B3	0x6F20 ;?ICS?lstr2_InterruptEgUART+16
0x01B5	0x206E ;?ICS?lstr2_InterruptEgUART+18
0x01B7	0x454C ;?ICS?lstr2_InterruptEgUART+20
0x01B9	0x2044 ;?ICS?lstr2_InterruptEgUART+22
0x01BB	0x6E6F ;?ICS?lstr2_InterruptEgUART+24
0x01BD	0x5220 ;?ICS?lstr2_InterruptEgUART+26
0x01BF	0x3742 ;?ICS?lstr2_InterruptEgUART+28
0x01C1	0x00 ;?ICS?lstr2_InterruptEgUART+30
; end of ?ICS?lstr2_InterruptEgUART
Symbol List:
//** Routines locations **
//ADDRESS    SIZE    PROCEDURE
//----------------------------------------------
0x0008      [90]    _interrupt
0x0062      [14]    _UART1_Write
0x0070      [52]    _UART1_Write_Text
0x00A4      [18]    _UART1_Read
0x00B6      [16]    ___CC2DW
0x00C6      [86]    _UART1_Init
0x011C     [112]    _main
//** Variables locations ** 
//ADDRESS    SIZE    VARIABLE
//----------------------------------------------
0x0000       [1]    UART2_Init_tmp_L0
0x0000       [1]    EEPROM_Write_SaveINTCON_L0
0x0000       [1]    R0
0x0000       [1]    FLASH_Erase_64_SaveINTCON_L0
0x0000       [1]    __Lib_SoftI2C_PutZerosToLATSda_temp_sda_L0
0x0000       [1]    SPI1_Write_tmp_L0
0x0000       [1]    UART1_Init_tmp_L0
0x0000       [1]    SPI2_Write_tmp_L0
0x0000       [1]    __Lib_SoftI2C_PutZerosToLATScl_temp_scl_L0
0x0001       [1]    __Lib_PS2_Wait_Falling_nsample_L0
0x0001       [2]    FLASH_Read_N_Bytes_i_L0
0x0001       [1]    I2C2_Rd_tmp_L0
0x0001       [1]    __Lib_TFT_16bit_JPEG_FileReadBytes_Result_L0
0x0001       [1]    FLASH_Write_64_i_L0
0x0001       [1]    UART2_Read___tmp_UART2_Read_L0
0x0001       [1]    __Lib_TFT_16bit_JPEG_FileRead_i_L0
0x0001       [1]    UART1_Read___tmp_UART1_Read_L0
0x0001       [1]    R1
0x0001       [1]    __Lib_TFT_JPEG_FileReadBytes_Result_L0
0x0001       [1]    __Lib_TFT_JPEG_FileRead_i_L0
0x0001       [1]    I2C1_Rd_tmp_L0
0x0001       [1]    FLASH_Erase_Write_64_i_L0
0x0001       [1]    ispunct_rslt_L0
0x0002       [1]    R2
0x0002       [2]    memset_pp_L0
0x0002       [2]    strlen_cp_L0
0x0002       [2]    memchr_s_L0
0x0002       [1]    FLASH_Write_64_SaveINTCON_L0
0x0002       [1]    FLASH_Erase_Write_64_j_L0
0x0002       [2]    memcpy_dd_L0
0x0003       [1]    __Lib_Sprinti_?FLOC____Lib_Sprinti_Do_FillT29
0x0003       [2]    Ltrim_original_L0
0x0003       [2]    __Lib_MmcFat16_f16_toInt_l_L0
0x0003       [1]    FLASH_Erase_Write_64_SaveINTCON_L0
0x0003       [2]    memmove_tt_L0
0x0003       [1]    MM_Init_i_L0
0x0003       [1]    R3
0x0003       [2]    MM_TotalFreeMemSize_Tot_L0
0x0004       [1]    R4
0x0004       [2]    memcpy_ss_L0
0x0004       [2]    __Lib_MemManager_MM_GetMemAlign_P_L0
0x0004       [2]    frexp_pom_L0
0x0004       [2]    strncat_cp_L0
0x0004       [2]    strncpy_cp_L0
0x0004       [2]    strcpy_cp_L0
0x0004       [1]    __Lib_Sprinti_?FLOC____Lib_Sprinti_Do_FillT40
0x0004       [2]    strcat_cp_L0
0x0005       [2]    LongWordToHex_input_half_L0
0x0005       [1]    MM_TotalFreeMemSize_i_L0
0x0005       [1]    R5
0x0005       [2]    LongIntToHex_input_half_L0
0x0005       [1]    __Lib_Sprinti_?FLOC____Lib_Sprinti_Do_FillT54
0x0005       [2]    memmove_ff_L0
0x0005       [2]    Ltrim_p_L0
0x0006       [1]    __Lib_MemManager_MM_GetMemAlign_i_L0
0x0006       [1]    __Lib_Sprinti_?FLOC____Lib_Sprinti_Do_FillT69
0x0006       [1]    R6
0x0007       [1]    R7
0x0007       [1]    __Lib_TFT_JPEG_GenerateHuffmanTables_bLength_L0
0x0007       [1]    __Lib_TFT_16bit_JPEG_GenerateHuffmanTables_bLength_L0
0x0008       [1]    __Lib_TFT_16bit_JPEG_GenerateHuffmanTables_bTable_L0
0x0008       [1]    R8
0x0008       [1]    __Lib_TFT_JPEG_GenerateHuffmanTables_bTable_L0
0x0009       [4]    __Lib_MmcFat16_f16_toLong_l_L0
0x0009       [1]    R9
0x000A       [1]    R10
0x000B       [1]    R11
0x000C       [1]    R12
0x000D       [1]    R13
0x000E       [1]    R14
0x000F       [1]    R15
0x0010       [1]    R16
0x0011       [1]    R17
0x0012       [1]    R18
0x0013       [1]    R19
0x0014       [1]    R20
0x001A      [23]    ?lstr1_InterruptEgUART
0x0031      [31]    ?lstr2_InterruptEgUART
0x0050       [4]    _UART_Rdy_Ptr
0x0054       [4]    _UART_Wr_Ptr
0x0058       [4]    _UART_Tx_Idle_Ptr
0x005C       [4]    _UART_Rd_Ptr
0x0060       [1]    _receiveIncomingData
0x0061       [2]    FARG_UART1_Write_Text_uart_text
0x0063       [1]    UART1_Write_Text_data__L0
0x0064       [1]    UART1_Write_Text_counter_L0
0x0065       [1]    FARG_UART1_Write_data_
0x0F8A       [1]    LATB
0x0F93       [1]    TRISB
0x0F94       [0]    TRISC6_bit
0x0F94       [0]    TRISC7_bit
0x0F9D       [0]    RC1IE_bit
0x0F9E       [1]    PIR1
0x0F9E       [0]    RC1IF_bit
0x0FAB       [1]    RCSTA
0x0FAC       [1]    TXSTA
0x0FAD       [1]    TXREG
0x0FAE       [1]    RCREG
0x0FAF       [1]    SPBRG
0x0FB0       [1]    SPBRGH
0x0FB8       [1]    BAUDCON
0x0FD8       [1]    STATUS
0x0FD9       [1]    FSR2L
0x0FDA       [1]    FSR2H
0x0FDE       [1]    POSTINC2
0x0FE0       [1]    BSR
0x0FE1       [1]    FSR1L
0x0FE2       [1]    FSR1H
0x0FE4       [1]    PREINC1
0x0FE6       [1]    POSTINC1
0x0FE7       [1]    INDF1
0x0FE8       [1]    WREG
0x0FE9       [1]    FSR0L
0x0FEA       [1]    FSR0H
0x0FEE       [1]    POSTINC0
0x0FF2       [0]    GIE_bit
0x0FF2       [0]    PEIE_bit
0x0FF3       [1]    PRODL
0x0FF4       [1]    PRODH
0x0FF5       [1]    TABLAT
0x0FF6       [1]    TBLPTRL
0x0FF7       [1]    TBLPTRH
0x0FF8       [1]    TBLPTRU
//** Constants locations ** 
//ADDRESS    SIZE    CONSTANT
//----------------------------------------------
0x018C      [23]    ?ICS?lstr1_InterruptEgUART
0x01A3      [31]    ?ICS?lstr2_InterruptEgUART
