0	1	mikroCPIC1618.exe -MSF -DBG -pP18F4550 -DL -O11111114 -fo20 -N"E:\mikroprojects\USB Example\USBandLCD\USBandLCD.mcppi" -SP"C:\Users\Public\Documents\Mikroelektronika\mikroC PRO for PIC\Defs\" -SP"C:\Users\Public\Documents\Mikroelektronika\mikroC PRO for PIC\uses\P18\" -SP"E:\mikroprojects\USB Example\USBandLCD\" -SP"E:\mikroprojects\USB Example\" "USBandLCD.c" "SNT_USBdsc.c" "__Lib_Math.mcl" "__Lib_MathDouble.mcl" "__Lib_System.mcl" "__Lib_Delays.mcl" "__Lib_CType.mcl" "__Lib_CString.mcl" "__Lib_CStdlib.mcl" "__Lib_CMath.mcl" "__Lib_MemManager.mcl" "__Lib_Conversions.mcl" "__Lib_Sprintf.mcl" "__Lib_PrintOut.mcl" "__Lib_Sprinti.mcl" "__Lib_Sprintl.mcl" "__Lib_Time.mcl" "__Lib_Trigonometry.mcl" "__Lib_Button.mcl" "__Lib_Keypad4x4.mcl" "__Lib_Manchester.mcl" "__Lib_OneWire.mcl" "__Lib_PS2.mcl" "__Lib_Sound.mcl" "__Lib_SoftI2C.mcl" "__Lib_SoftSPI.mcl" "__Lib_SoftUART.mcl" "__Lib_ADC_A_D.mcl" "__Lib_EEPROM_256.mcl" "__Lib_FLASH_w32_e64.mcl" "__Lib_I2C_b10.mcl" "__Lib_PWM_c21.mcl" "__Lib_SPI_b10c7.mcl" "__Lib_UART_c67.mcl" "__Lib_USB_genHID.mcl" "__Lib_PortExpander.mcl" "__Lib_CANSPI.mcl" "__Lib_CF.mcl" "__Lib_CFFat16.mcl" "__Lib_GlcdFonts.mcl" "__Lib_Glcd.mcl" "__Lib_LcdConsts.mcl" "__Lib_Lcd.mcl" "__Lib_Mmc.mcl" "__Lib_MmcFat16.mcl" "__Lib_MmcFat16Constants.mcl" "__Lib_RS485.mcl" "__Lib_S1D13700.mcl" "__Lib_T6963C.mcl" "__Lib_SPIGlcd.mcl" "__Lib_SPILcd.mcl" "__Lib_SPILcd8.mcl" "__Lib_SPIT6963C.mcl" "__Lib_EthEnc28j60.mcl" "__Lib_TFT.mcl" "__Lib_TFT_Defs.mcl" "__Lib_TFT_16bit.mcl" "__Lib_TFT_16bit_Defs.mcl" "__Lib_TouchPanel_TFT.mcl" "__Lib_EthEnc24j600.mcl" "__Lib_TouchPanel.mcl"	 
hint: 0	1139	Available RAM: 2027 [bytes], Available ROM: 32768 [bytes]	 
error: 20	304	 error: Unknown #directive "fuses"     #fuses HSPLL PLL2 CPUDIV1 USBDIV VREGEN NOMCLR	E:\mikroprojects\USB Example\USBandLCD\USBandLCD.c
error: 21	304	 error: Unknown #directive "use"     #use delay(clock = 48000000)	E:\mikroprojects\USB Example\USBandLCD\USBandLCD.c
error: 22	304	 error: Can't open include file "lcd.c"     #include <lcd.c>	E:\mikroprojects\USB Example\USBandLCD\USBandLCD.c
error: 34	304	 error: Can't open include file "usb_desc_hid.h"     #include <usb_desc_hid.h>	E:\mikroprojects\USB Example\USBandLCD\USBandLCD.c
error: 35	304	 error: Can't open include file "pic18_usb.h"     #include<pic18_usb.h>	E:\mikroprojects\USB Example\USBandLCD\USBandLCD.c
error: 36	304	 error: Can't open include file "usb.c"     #include<usb.c> 6 errors in preprocessor.	E:\mikroprojects\USB Example\USBandLCD\USBandLCD.c
diagnostics: 0	122	Compilation Started	USBandLCD.c
error: 24	402	; expected, but 'char' found	USBandLCD.c
error: 29	324	Undeclared identifier '_unicode' in expression	USBandLCD.c
error: 29	324	Undeclared identifier '_unicode' in expression	USBandLCD.c
error: 31	324	Undeclared identifier '_unicode' in expression	USBandLCD.c
error: 31	324	Undeclared identifier '_unicode' in expression	USBandLCD.c
error: 33	324	Undeclared identifier '_unicode' in expression	USBandLCD.c
error: 33	324	Undeclared identifier '_unicode' in expression	USBandLCD.c
error: 38	396	Invalid declarator expected'(' or identifier	USBandLCD.c
error: 41	324	Undeclared identifier 'lcd_putc' in expression	USBandLCD.c
error: 42	324	Undeclared identifier 'lcd_gotoxy' in expression	USBandLCD.c
error: 43	324	Undeclared identifier 'lcd_putc' in expression	USBandLCD.c
error: 44	324	Undeclared identifier 'usb_init_cs' in expression	USBandLCD.c
error: 46	324	Undeclared identifier 'TRUE' in expression	USBandLCD.c
error: 47	324	Undeclared identifier 'usb_task' in expression	USBandLCD.c
error: 48	324	Undeclared identifier 'usb_enumerated' in expression	USBandLCD.c
error: 48	309	Invalid statement	USBandLCD.c
error: 49	324	Undeclared identifier 'usb_kbhit' in expression	USBandLCD.c
error: 49	309	Invalid statement	USBandLCD.c
error: 50	324	Undeclared identifier 'lcd_gotoxy' in expression	USBandLCD.c
error: 51	324	Undeclared identifier 'lcd_putc' in expression	USBandLCD.c
error: 53	324	Undeclared identifier 'usb_get_packet' in expression	USBandLCD.c
error: 54	324	Undeclared identifier 'lcd_gotoxy' in expression	USBandLCD.c
error: 55	324	Undeclared identifier 'printf' in expression	USBandLCD.c
error: 58	324	Undeclared identifier 'usb_put_packet' in expression	USBandLCD.c
diagnostics: 0	122	Compilation Started	SNT_USBdsc.c
diagnostics: 166	123	Compiled Successfully	SNT_USBdsc.c
error: 0	102	Finished (with errors): 21 Sep 2022, 13:17:11	USBandLCD.mcppi
