;  LST file generated by mikroListExporter - v.2.0 
; Date/Time: 20/08/2022 3:29:48 PM
;----------------------------------------------

;Address Opcode 	ASM
0x0000	0x284A      	GOTO       74
_Delay_1us:
;__Lib_Delays.c,7 :: 		void Delay_1us() {
;__Lib_Delays.c,8 :: 		Delay_us(1);
0x0003	0x0000      	NOP
0x0004	0x0000      	NOP
;__Lib_Delays.c,9 :: 		}
L_end_Delay_1us:
0x0005	0x0008      	RETURN
; end of _Delay_1us
_____DoICP:
;__Lib_System.c,6 :: 		
;__Lib_System.c,9 :: 		
0x0006	0x1283      	BCF        STATUS, 5
0x0007	0x080E      	MOVF       ___DoICPAddr+1, 0
0x0008	0x008A      	MOVWF      PCLATH
;__Lib_System.c,10 :: 		
0x0009	0x080D      	MOVF       ___DoICPAddr, 0
0x000A	0x0082      	MOVWF      PCL
;__Lib_System.c,12 :: 		
L_end_____DoICP:
0x000B	0x0008      	RETURN
; end of _____DoICP
_Keypad_Key_Press:
;__Lib_Keypad4x4.c,38 :: 		
;__Lib_Keypad4x4.c,42 :: 		
0x000C	0x1283      	BCF        STATUS, 5
0x000D	0x018F      	CLRF       Keypad_Key_Press_rslt_L0
;__Lib_Keypad4x4.c,43 :: 		
0x000E	0x0191      	CLRF       Keypad_Key_Press_loc_L0
;__Lib_Keypad4x4.c,44 :: 		
0x000F	0x0192      	CLRF       Keypad_Key_Press_rowcnt_L0
;__Lib_Keypad4x4.c,45 :: 		
0x0010	0x3010      	MOVLW      16
0x0011	0x0093      	MOVWF      Keypad_Key_Press_shifter_L0
;__Lib_Keypad4x4.c,47 :: 		
L_Keypad_Key_Press0:
0x0012	0x3004      	MOVLW      4
0x0013	0x0212      	SUBWF      Keypad_Key_Press_rowcnt_L0, 0
0x0014	0x1803      	BTFSC      STATUS, 0
0x0015	0x2837      	GOTO       L_Keypad_Key_Press1
;__Lib_Keypad4x4.c,49 :: 		
0x0016	0x30F0      	MOVLW      240
0x0017	0x0086      	MOVWF      keypadPort
;__Lib_Keypad4x4.c,50 :: 		
0x0018	0x0913      	COMF       Keypad_Key_Press_shifter_L0, 0
0x0019	0x1683      	BSF        STATUS, 5
0x001A	0x0086      	MOVWF      keypadPort+128
;__Lib_Keypad4x4.c,54 :: 		
0x001B	0x2003      	CALL       _Delay_1us
;__Lib_Keypad4x4.c,55 :: 		
0x001C	0x2003      	CALL       _Delay_1us
;__Lib_Keypad4x4.c,56 :: 		
0x001D	0x300F      	MOVLW      15
0x001E	0x1283      	BCF        STATUS, 5
0x001F	0x0506      	ANDWF      keypadPort, 0
0x0020	0x00C0      	MOVWF      R0
0x0021	0x0840      	MOVF       R0, 0
0x0022	0x0090      	MOVWF      Keypad_Key_Press_kdata_L0
;__Lib_Keypad4x4.c,57 :: 		
0x0023	0x0840      	MOVF       R0, 0
0x0024	0x1903      	BTFSC      STATUS, 2
0x0025	0x2831      	GOTO       L_Keypad_Key_Press2
;__Lib_Keypad4x4.c,59 :: 		
0x0026	0x0811      	MOVF       Keypad_Key_Press_loc_L0, 0
0x0027	0x008F      	MOVWF      Keypad_Key_Press_rslt_L0
;__Lib_Keypad4x4.c,60 :: 		
L_Keypad_Key_Press3:
0x0028	0x0810      	MOVF       Keypad_Key_Press_kdata_L0, 0
0x0029	0x1903      	BTFSC      STATUS, 2
0x002A	0x282F      	GOTO       L_Keypad_Key_Press4
;__Lib_Keypad4x4.c,61 :: 		
0x002B	0x0C90      	RRF        Keypad_Key_Press_kdata_L0, 1
0x002C	0x1390      	BCF        Keypad_Key_Press_kdata_L0, 7
;__Lib_Keypad4x4.c,62 :: 		
0x002D	0x0A8F      	INCF       Keypad_Key_Press_rslt_L0, 1
;__Lib_Keypad4x4.c,63 :: 		
0x002E	0x2828      	GOTO       L_Keypad_Key_Press3
L_Keypad_Key_Press4:
;__Lib_Keypad4x4.c,65 :: 		
0x002F	0x3004      	MOVLW      4
0x0030	0x0092      	MOVWF      Keypad_Key_Press_rowcnt_L0
;__Lib_Keypad4x4.c,66 :: 		
L_Keypad_Key_Press2:
;__Lib_Keypad4x4.c,67 :: 		
0x0031	0x0D93      	RLF        Keypad_Key_Press_shifter_L0, 1
0x0032	0x1013      	BCF        Keypad_Key_Press_shifter_L0, 0
;__Lib_Keypad4x4.c,68 :: 		
0x0033	0x3004      	MOVLW      4
0x0034	0x0791      	ADDWF      Keypad_Key_Press_loc_L0, 1
;__Lib_Keypad4x4.c,69 :: 		
0x0035	0x0A92      	INCF       Keypad_Key_Press_rowcnt_L0, 1
;__Lib_Keypad4x4.c,70 :: 		
0x0036	0x2812      	GOTO       L_Keypad_Key_Press0
L_Keypad_Key_Press1:
;__Lib_Keypad4x4.c,72 :: 		
0x0037	0x080F      	MOVF       Keypad_Key_Press_rslt_L0, 0
0x0038	0x00C0      	MOVWF      R0
;__Lib_Keypad4x4.c,73 :: 		
L_end_Keypad_Key_Press:
0x0039	0x0008      	RETURN
; end of _Keypad_Key_Press
___CC2DW:
;__Lib_System.c,134 :: 		
;__Lib_System.c,137 :: 		
_CC2D_Loop1:
;__Lib_System.c,139 :: 		
0x003A	0x2006      	CALL       _____DoICP
0x003B	0x118A      	BCF        PCLATH, 3
0x003C	0x120A      	BCF        PCLATH, 4
;__Lib_System.c,141 :: 		
0x003D	0x0080      	MOVWF      INDF
;__Lib_System.c,142 :: 		
0x003E	0x0A84      	INCF       FSR, 1
;__Lib_System.c,143 :: 		
0x003F	0x0A8D      	INCF       ___DoICPAddr, 1
;__Lib_System.c,145 :: 		
0x0040	0x1903      	BTFSC      STATUS, 2
;__Lib_System.c,146 :: 		
0x0041	0x0A8E      	INCF       ___DoICPAddr+1, 1
;__Lib_System.c,147 :: 		
0x0042	0x03C0      	DECF       R0, 1
;__Lib_System.c,149 :: 		
0x0043	0x1D03      	BTFSS      STATUS, 2
;__Lib_System.c,150 :: 		
0x0044	0x283A      	GOTO       _CC2D_Loop1
;__Lib_System.c,152 :: 		
L_end___CC2DW:
0x0045	0x0008      	RETURN
; end of ___CC2DW
_Keypad_Init:
;__Lib_Keypad4x4.c,33 :: 		
;__Lib_Keypad4x4.c,34 :: 		
0x0046	0x30FF      	MOVLW      255
0x0047	0x1683      	BSF        STATUS, 5
0x0048	0x0086      	MOVWF      keypadPort+128
;__Lib_Keypad4x4.c,35 :: 		
L_end_Keypad_Init:
0x0049	0x0008      	RETURN
; end of _Keypad_Init
_main:
0x004A	0x1283      	BCF        STATUS, 5
0x004B	0x018C      	CLRF       _kp
;KeypadWith7Seg.c,4 :: 		void main(){
;KeypadWith7Seg.c,5 :: 		TRISA=0X00;
0x004C	0x1683      	BSF        STATUS, 5
0x004D	0x0185      	CLRF       TRISA
;KeypadWith7Seg.c,6 :: 		PORTA=0X00;
0x004E	0x1283      	BCF        STATUS, 5
0x004F	0x0185      	CLRF       PORTA
;KeypadWith7Seg.c,7 :: 		Keypad_Init();
0x0050	0x2046      	CALL       _Keypad_Init
;KeypadWith7Seg.c,8 :: 		while(1)
L_main0:
;KeypadWith7Seg.c,11 :: 		kp=Keypad_Key_Press();
0x0051	0x200C      	CALL       _Keypad_Key_Press
0x0052	0x0840      	MOVF       R0, 0
0x0053	0x008C      	MOVWF      _kp
;KeypadWith7Seg.c,12 :: 		if(kp<=3)
0x0054	0x0840      	MOVF       R0, 0
0x0055	0x3C03      	SUBLW      3
0x0056	0x1C03      	BTFSS      STATUS, 0
0x0057	0x285A      	GOTO       L_main2
;KeypadWith7Seg.c,14 :: 		PortA=kp;
0x0058	0x080C      	MOVF       _kp, 0
0x0059	0x0085      	MOVWF      PORTA
;KeypadWith7Seg.c,15 :: 		}
L_main2:
;KeypadWith7Seg.c,16 :: 		if(kp>3 && kp<=7)
0x005A	0x080C      	MOVF       _kp, 0
0x005B	0x3C03      	SUBLW      3
0x005C	0x1803      	BTFSC      STATUS, 0
0x005D	0x2864      	GOTO       L_main5
0x005E	0x080C      	MOVF       _kp, 0
0x005F	0x3C07      	SUBLW      7
0x0060	0x1C03      	BTFSS      STATUS, 0
0x0061	0x2864      	GOTO       L_main5
L__main10:
;KeypadWith7Seg.c,18 :: 		PortA=kp-1;
0x0062	0x030C      	DECF       _kp, 0
0x0063	0x0085      	MOVWF      PORTA
;KeypadWith7Seg.c,19 :: 		}
L_main5:
;KeypadWith7Seg.c,20 :: 		if(kp>8 && kp<=11)
0x0064	0x080C      	MOVF       _kp, 0
0x0065	0x3C08      	SUBLW      8
0x0066	0x1803      	BTFSC      STATUS, 0
0x0067	0x286F      	GOTO       L_main8
0x0068	0x080C      	MOVF       _kp, 0
0x0069	0x3C0B      	SUBLW      11
0x006A	0x1C03      	BTFSS      STATUS, 0
0x006B	0x286F      	GOTO       L_main8
L__main9:
;KeypadWith7Seg.c,22 :: 		PortA=kp-2;
0x006C	0x3002      	MOVLW      2
0x006D	0x020C      	SUBWF      _kp, 0
0x006E	0x0085      	MOVWF      PORTA
;KeypadWith7Seg.c,23 :: 		}
L_main8:
;KeypadWith7Seg.c,24 :: 		}
0x006F	0x2851      	GOTO       L_main0
;KeypadWith7Seg.c,25 :: 		}
L_end_main:
0x0070	0x2870      	GOTO       $+0
; end of _main
Symbol List:
//** Routines locations **
//ADDRESS    SIZE    PROCEDURE
//----------------------------------------------
0x0003       [3]    _Delay_1us
0x0006       [6]    _____DoICP
0x000C      [46]    _Keypad_Key_Press
0x003A      [12]    ___CC2DW
0x0046       [4]    _Keypad_Init
0x004A      [39]    _main
//** Variables locations ** 
//ADDRESS    SIZE    VARIABLE
//----------------------------------------------
0x0000       [1]    INDF
0x0002       [1]    PCL
0x0003       [1]    STATUS
0x0004       [1]    FSR
0x0005       [1]    PORTA
0x0006       [1]    PORTB
0x0006       [1]    keypadPort
0x000A       [1]    PCLATH
0x000C       [1]    _kp
0x000D       [2]    ___DoICPAddr
0x000F       [1]    Keypad_Key_Press_rslt_L0
0x0010       [1]    Keypad_Key_Press_kdata_L0
0x0011       [1]    Keypad_Key_Press_loc_L0
0x0012       [1]    Keypad_Key_Press_rowcnt_L0
0x0013       [1]    Keypad_Key_Press_shifter_L0
0x0040       [1]    R0
0x0041       [1]    R1
0x0042       [1]    R2
0x0043       [1]    R3
0x0044       [1]    R4
0x0045       [1]    R5
0x0046       [1]    R6
0x0047       [1]    R7
0x0048       [1]    R8
0x0049       [1]    R9
0x004A       [1]    R10
0x004B       [1]    R11
0x004C       [1]    R12
0x004D       [1]    R13
0x004E       [1]    R14
0x004F       [1]    R15
0x0085       [1]    TRISA
